<?xml version="1.0" encoding="UTF-8"?>
<!-- Generated by org.testng.reporters.JUnitReportReporter -->
<testsuite skipped="0" hostname="C02XD9EXJG5J.local" name="assignment3.restassured.git.tests.APITests" tests="2" failures="0" timestamp="26 Jun 2021 19:03:51 GMT" time="5.252" errors="0">
  <testcase name="signUpAPI" time="3.735" classname="assignment3.restassured.git.tests.APITests"/>
  <testcase name="profileAPI" time="1.517" classname="assignment3.restassured.git.tests.APITests"/>
</testsuite> <!-- assignment3.restassured.git.tests.APITests -->
