<?xml version="1.0" encoding="UTF-8"?>
<!-- Generated by org.testng.reporters.JUnitReportReporter -->
<testsuite hostname="C02XD9EXJG5J.local" failures="0" tests="2" name="assignment3.restassured.git.tests.APITests" time="4.945" errors="0" timestamp="26 Jun 2021 18:56:51 GMT" skipped="0">
  <testcase classname="assignment3.restassured.git.tests.APITests" name="signUpAPI" time="3.496"/>
  <testcase classname="assignment3.restassured.git.tests.APITests" name="profileAPI" time="1.449"/>
</testsuite> <!-- assignment3.restassured.git.tests.APITests -->
