<?xml version="1.0" encoding="UTF-8"?>
<!-- Generated by org.testng.reporters.JUnitReportReporter -->
<testsuite hostname="C02XD9EXJG5J.local" failures="0" tests="2" name="assignment3.restassured.git.tests.APITests" time="5.045" errors="0" timestamp="26 Jun 2021 19:12:38 GMT" skipped="0">
  <testcase classname="assignment3.restassured.git.tests.APITests" name="signUpAPI" time="3.547"/>
  <testcase classname="assignment3.restassured.git.tests.APITests" name="profileAPI" time="1.498"/>
</testsuite> <!-- assignment3.restassured.git.tests.APITests -->
